<?xml version="1.0" encoding="UTF-8"?>
<!-- Generated by org.testng.reporters.JUnitReportReporter -->
<testsuite hostname="DESKTOP-9JQPVMF" failures="0" tests="1" name="amazon_Practice.practice1" time="7.798" errors="0" timestamp="2022-08-01T22:20:32 IST" skipped="0">
  <testcase classname="amazon_Practice.practice1" name="m1" time="7.798"/>
  <system-out/>
</testsuite> <!-- amazon_Practice.practice1 -->
